0 info it worked if it ends with ok
1 verbose cli [
1 verbose cli   'C:\\Program Files\\nodejs\\node.exe',
1 verbose cli   'C:\\Users\\Dev\\AppData\\Roaming\\npm\\node_modules\\npm\\bin\\npm-cli.js',
1 verbose cli   'run',
1 verbose cli   'dev'
1 verbose cli ]
2 info using npm@4.0.0
3 info using node@v16.14.2
4 verbose run-script [ 'predev', 'dev', 'postdev' ]
5 info lifecycle todo-app-main@1.0.0~predev: todo-app-main@1.0.0
6 silly lifecycle todo-app-main@1.0.0~predev: no script for predev, continuing
7 info lifecycle todo-app-main@1.0.0~dev: todo-app-main@1.0.0
8 verbose lifecycle todo-app-main@1.0.0~dev: unsafe-perm in lifecycle true
9 verbose lifecycle todo-app-main@1.0.0~dev: PATH: C:\Users\Dev\AppData\Roaming\npm\node_modules\npm\bin\node-gyp-bin;C:\Users\Dev\Downloads\todo-app-main\node_modules\.bin;C:\Users\Dev\bin;C:\Program Files\Git\mingw64\bin;C:\Program Files\Git\usr\local\bin;C:\Program Files\Git\usr\bin;C:\Program Files\Git\usr\bin;C:\Program Files\Git\mingw64\bin;C:\Program Files\Git\usr\bin;C:\Users\Dev\bin;C:\Python310\Scripts;C:\Python310;C:\WINDOWS\system32;C:\WINDOWS;C:\WINDOWS\System32\Wbem;C:\WINDOWS\System32\WindowsPowerShell\v1.0;C:\WINDOWS\System32\OpenSSH;C:\ProgramData\chocolatey\bin;C:\Program Files\Git\cmd;C:\ProgramData\ComposerSetup\bin;C:\laragon\bin\php\php-7.4.19-Win32-vc15-x64;C:\Program Files\nodejs;C:\Users\Dev\AppData\Local\Microsoft\WindowsApps;C:\Users\Dev\AppData\Local\Programs\Microsoft VS Code\bin;C:\Users\Dev\AppData\Roaming\Composer\vendor\bin;C:\Users\Dev\AppData\Roaming\npm;C:\Program Files\Git\usr\bin\vendor_perl;C:\Program Files\Git\usr\bin\core_perl
10 verbose lifecycle todo-app-main@1.0.0~dev: CWD: C:\Users\Dev\Downloads\todo-app-main
11 silly lifecycle todo-app-main@1.0.0~dev: Args: [
11 silly lifecycle   '/d /s /c',
11 silly lifecycle   'npx tailwindcss -i ./src/input.css -o ./dist/output.css --watch'
11 silly lifecycle ]
12 silly lifecycle todo-app-main@1.0.0~dev: Returned: code: 1  signal: null
13 info lifecycle todo-app-main@1.0.0~dev: Failed to exec dev script
14 verbose stack Error: todo-app-main@1.0.0 dev: `npx tailwindcss -i ./src/input.css -o ./dist/output.css --watch`
14 verbose stack Exit status 1
14 verbose stack     at EventEmitter.<anonymous> (C:\Users\Dev\AppData\Roaming\npm\node_modules\npm\lib\utils\lifecycle.js:277:16)
14 verbose stack     at EventEmitter.emit (node:events:526:28)
14 verbose stack     at ChildProcess.<anonymous> (C:\Users\Dev\AppData\Roaming\npm\node_modules\npm\lib\utils\spawn.js:40:14)
14 verbose stack     at ChildProcess.emit (node:events:526:28)
14 verbose stack     at maybeClose (node:internal/child_process:1092:16)
14 verbose stack     at Process.ChildProcess._handle.onexit (node:internal/child_process:302:5)
15 verbose pkgid todo-app-main@1.0.0
16 verbose cwd C:\Users\Dev\Downloads\todo-app-main
17 error Windows_NT 10.0.22000
18 error argv "C:\\Program Files\\nodejs\\node.exe" "C:\\Users\\Dev\\AppData\\Roaming\\npm\\node_modules\\npm\\bin\\npm-cli.js" "run" "dev"
19 error node v16.14.2
20 error npm  v4.0.0
21 error code ELIFECYCLE
22 error todo-app-main@1.0.0 dev: `npx tailwindcss -i ./src/input.css -o ./dist/output.css --watch`
22 error Exit status 1
23 error Failed at the todo-app-main@1.0.0 dev script 'npx tailwindcss -i ./src/input.css -o ./dist/output.css --watch'.
23 error Make sure you have the latest version of node.js and npm installed.
23 error If you do, this is most likely a problem with the todo-app-main package,
23 error not with npm itself.
23 error Tell the author that this fails on your system:
23 error     npx tailwindcss -i ./src/input.css -o ./dist/output.css --watch
23 error You can get information on how to open an issue for this project with:
23 error     npm bugs todo-app-main
23 error Or if that isn't available, you can get their info via:
23 error     npm owner ls todo-app-main
23 error There is likely additional logging output above.
24 verbose exit [ 1, true ]
